<?xml version="1.0" encoding="UTF-8"?>
<testsuite name="org.example.AppTest" tests="1" skipped="0" failures="0" errors="0" timestamp="2024-07-12T01:32:47" hostname="BEN2790" time="0.025">
  <properties/>
  <testcase name="appHasAGreeting()" classname="org.example.AppTest" time="0.025"/>
  <system-out><![CDATA[]]></system-out>
  <system-err><![CDATA[]]></system-err>
</testsuite>
